  png.c
F:\Users\Florian\Documents\VS-Projects\allegro5-build\modules\libpng\include\pngstruct.h(30,10): fatal error C1083: Cannot open include file: 'zlib.h': No such file or directory
  pngerror.c
F:\Users\Florian\Documents\VS-Projects\allegro5-build\modules\libpng\include\pngstruct.h(30,10): fatal error C1083: Cannot open include file: 'zlib.h': No such file or directory
  pngget.c
F:\Users\Florian\Documents\VS-Projects\allegro5-build\modules\libpng\include\pngstruct.h(30,10): fatal error C1083: Cannot open include file: 'zlib.h': No such file or directory
  pngmem.c
F:\Users\Florian\Documents\VS-Projects\allegro5-build\modules\libpng\include\pngstruct.h(30,10): fatal error C1083: Cannot open include file: 'zlib.h': No such file or directory
  pngpread.c
F:\Users\Florian\Documents\VS-Projects\allegro5-build\modules\libpng\include\pngstruct.h(30,10): fatal error C1083: Cannot open include file: 'zlib.h': No such file or directory
  pngread.c
F:\Users\Florian\Documents\VS-Projects\allegro5-build\modules\libpng\include\pngstruct.h(30,10): fatal error C1083: Cannot open include file: 'zlib.h': No such file or directory
  pngrio.c
F:\Users\Florian\Documents\VS-Projects\allegro5-build\modules\libpng\include\pngstruct.h(30,10): fatal error C1083: Cannot open include file: 'zlib.h': No such file or directory
  pngrtran.c
F:\Users\Florian\Documents\VS-Projects\allegro5-build\modules\libpng\include\pngstruct.h(30,10): fatal error C1083: Cannot open include file: 'zlib.h': No such file or directory
  pngrutil.c
F:\Users\Florian\Documents\VS-Projects\allegro5-build\modules\libpng\include\pngstruct.h(30,10): fatal error C1083: Cannot open include file: 'zlib.h': No such file or directory
  pngset.c
F:\Users\Florian\Documents\VS-Projects\allegro5-build\modules\libpng\include\pngstruct.h(30,10): fatal error C1083: Cannot open include file: 'zlib.h': No such file or directory
  pngtest.c
F:\Users\Florian\Documents\VS-Projects\allegro5-build\modules\libpng\src\pngtest.c(73,12): fatal error C1083: Cannot open include file: 'zlib.h': No such file or directory
  pngtrans.c
F:\Users\Florian\Documents\VS-Projects\allegro5-build\modules\libpng\include\pngstruct.h(30,10): fatal error C1083: Cannot open include file: 'zlib.h': No such file or directory
  pngwio.c
F:\Users\Florian\Documents\VS-Projects\allegro5-build\modules\libpng\include\pngstruct.h(30,10): fatal error C1083: Cannot open include file: 'zlib.h': No such file or directory
  pngwrite.c
F:\Users\Florian\Documents\VS-Projects\allegro5-build\modules\libpng\include\pngstruct.h(30,10): fatal error C1083: Cannot open include file: 'zlib.h': No such file or directory
  pngwtran.c
F:\Users\Florian\Documents\VS-Projects\allegro5-build\modules\libpng\include\pngstruct.h(30,10): fatal error C1083: Cannot open include file: 'zlib.h': No such file or directory
  pngwutil.c
F:\Users\Florian\Documents\VS-Projects\allegro5-build\modules\libpng\include\pngstruct.h(30,10): fatal error C1083: Cannot open include file: 'zlib.h': No such file or directory
  Generating Code...
